<?xml version="1.0" encoding="UTF-8" ?>
<testsuite errors="8" failures="0" hostname="TristanPC" name="edu.odu.cs.cs350.namex.TestTrainer" skipped="0" tests="8" time="3.375" timestamp="2016-04-17T21:22:30">
  <properties>
[...]
</properties>
  <testcase classname="edu.odu.cs.cs350.namex.TestTrainer" name="testPrepareData" time="0.387">
    <error message="edu.odu.cs.cs350.namex.Trainer.prepareData(Ljava/lang/String;Ljava/lang/String;Z)V" type="java.lang.NoSuchMethodError">java.lang.NoSuchMethodError: edu.odu.cs.cs350.namex.Trainer.prepareData(Ljava/lang/String;Ljava/lang/String;Z)V
	at edu.odu.cs.cs350.namex.TestTrainer.testPrepareData(TestTrainer.java:177)
</error>
  </testcase>
  <testcase classname="edu.odu.cs.cs350.namex.TestTrainer" name="testPrepareShingleData" time="0.306">
    <error message="edu.odu.cs.cs350.namex.Trainer.prepareShinglingData(Ljava/lang/String;ILjava/lang/String;Ljava/lang/String;)V" type="java.lang.NoSuchMethodError">java.lang.NoSuchMethodError: edu.odu.cs.cs350.namex.Trainer.prepareShinglingData(Ljava/lang/String;ILjava/lang/String;Ljava/lang/String;)V
	at edu.odu.cs.cs350.namex.TestTrainer.testPrepareShingleData(TestTrainer.java:126)
</error>
  </testcase>
  <testcase classname="edu.odu.cs.cs350.namex.TestTrainer" name="testTrainLM" time="0.394">
    <error message="edu.odu.cs.cs350.namex.Trainer.getLearningMachine()Ledu/odu/cs/cs350/namex/LearningMachine;" type="java.lang.NoSuchMethodError">java.lang.NoSuchMethodError: edu.odu.cs.cs350.namex.Trainer.getLearningMachine()Ledu/odu/cs/cs350/namex/LearningMachine;
	at edu.odu.cs.cs350.namex.TestTrainer.testTrainLM(TestTrainer.java:200)
</error>
  </testcase>
  <testcase classname="edu.odu.cs.cs350.namex.TestTrainer" name="testTrainer" time="0.646">
    <error message="edu.odu.cs.cs350.namex.Trainer.getLearningMachine()Ledu/odu/cs/cs350/namex/LearningMachine;" type="java.lang.NoSuchMethodError">java.lang.NoSuchMethodError: edu.odu.cs.cs350.namex.Trainer.getLearningMachine()Ledu/odu/cs/cs350/namex/LearningMachine;
	at edu.odu.cs.cs350.namex.TestTrainer.testTrainer(TestTrainer.java:274)
</error>
  </testcase>
  <testcase classname="edu.odu.cs.cs350.namex.TestTrainer" name="testTokenize" time="0.278">
    <error message="edu.odu.cs.cs350.namex.Trainer.tokenize(Ljava/lang/String;)Ljava/util/ArrayList;" type="java.lang.NoSuchMethodError">java.lang.NoSuchMethodError: edu.odu.cs.cs350.namex.Trainer.tokenize(Ljava/lang/String;)Ljava/util/ArrayList;
	at edu.odu.cs.cs350.namex.TestTrainer.testTokenize(TestTrainer.java:224)
</error>
  </testcase>
  <testcase classname="edu.odu.cs.cs350.namex.TestTrainer" name="testSaveLoadLM" time="0.312">
    <error message="edu.odu.cs.cs350.namex.LearningMachine.importARFF(Ljava/lang/String;)V" type="java.lang.NoSuchMethodError">java.lang.NoSuchMethodError: edu.odu.cs.cs350.namex.LearningMachine.importARFF(Ljava/lang/String;)V
	at edu.odu.cs.cs350.namex.TestTrainer.testSaveLoadLM(TestTrainer.java:255)
</error>
  </testcase>
  <testcase classname="edu.odu.cs.cs350.namex.TestTrainer" name="testShingle" time="0.703">
    <error message="edu.odu.cs.cs350.namex.LearningMachine.&lt;init&gt;(I)V" type="java.lang.NoSuchMethodError">java.lang.NoSuchMethodError: edu.odu.cs.cs350.namex.LearningMachine.&lt;init&gt;(I)V
	at edu.odu.cs.cs350.namex.TestTrainer.testShingle(TestTrainer.java:51)
</error>
  </testcase>
  <testcase classname="edu.odu.cs.cs350.namex.TestTrainer" name="testGetTokenCount" time="0.286">
    <error message="edu.odu.cs.cs350.namex.Trainer.tokenize(Ljava/lang/String;)Ljava/util/ArrayList;" type="java.lang.NoSuchMethodError">java.lang.NoSuchMethodError: edu.odu.cs.cs350.namex.Trainer.tokenize(Ljava/lang/String;)Ljava/util/ArrayList;
	at edu.odu.cs.cs350.namex.TestTrainer.testGetTokenCount(TestTrainer.java:141)
</error>
  </testcase>
  <system-out><![CDATA[*******************************
 Generating ARFF Training Data
*******************************

 Input FilePath: C:\Users\Tristan\git\Green3/data/training/trainingData.txt
Output FilePath: C:\Users\Tristan\git\Green3/data/arff/trainingData.arff
]]></system-out>
  <system-err><![CDATA[]]></system-err>
</testsuite>
