<?xml version="1.0" encoding="UTF-8" ?>
<testsuite errors="0" failures="6" hostname="ubuntu" name="edu.odu.cs.cs350.namex.TestTrainer" skipped="0" tests="6" time="4.044" timestamp="2016-04-06T13:57:06">
  <properties>
[...]
</properties>
  <testcase classname="edu.odu.cs.cs350.namex.TestTrainer" name="testGetTrainingData" time="0.029">
    <failure type="junit.framework.AssertionFailedError">junit.framework.AssertionFailedError
	at edu.odu.cs.cs350.namex.TestTrainer.testGetTrainingData(TestTrainer.java:86)
</failure>
  </testcase>
  <testcase classname="edu.odu.cs.cs350.namex.TestTrainer" name="testTrainLM" time="1.789">
    <failure type="junit.framework.AssertionFailedError">junit.framework.AssertionFailedError
	at edu.odu.cs.cs350.namex.TestTrainer.testTrainLM(TestTrainer.java:112)
</failure>
  </testcase>
  <testcase classname="edu.odu.cs.cs350.namex.TestTrainer" name="testTrainer" time="0.006">
    <failure type="junit.framework.AssertionFailedError">junit.framework.AssertionFailedError
	at edu.odu.cs.cs350.namex.TestTrainer.testTrainer(TestTrainer.java:77)
</failure>
  </testcase>
  <testcase classname="edu.odu.cs.cs350.namex.TestTrainer" name="testParse" time="0.559">
    <failure message="expected:&lt;[other]&gt; but was:&lt;[article]&gt;" type="junit.framework.AssertionFailedError">junit.framework.AssertionFailedError: expected:&lt;[other]&gt; but was:&lt;[article]&gt;
	at edu.odu.cs.cs350.namex.TestTrainer.testParse(TestTrainer.java:53)
</failure>
  </testcase>
  <testcase classname="edu.odu.cs.cs350.namex.TestTrainer" name="testTokenize" time="0.55">
    <failure message="expected:&lt;[capitalized]&gt; but was:&lt;[punct]&gt;" type="junit.framework.AssertionFailedError">junit.framework.AssertionFailedError: expected:&lt;[capitalized]&gt; but was:&lt;[punct]&gt;
	at edu.odu.cs.cs350.namex.TestTrainer.testTokenize(TestTrainer.java:38)
</failure>
  </testcase>
  <testcase classname="edu.odu.cs.cs350.namex.TestTrainer" name="testGetTokenCount" time="0.769">
    <failure message="expected:&lt;3&gt; but was:&lt;1&gt;" type="junit.framework.AssertionFailedError">junit.framework.AssertionFailedError: expected:&lt;3&gt; but was:&lt;1&gt;
	at edu.odu.cs.cs350.namex.TestTrainer.testGetTokenCount(TestTrainer.java:67)
</failure>
  </testcase>
  <system-out><![CDATA[]]></system-out>
  <system-err><![CDATA[]]></system-err>
</testsuite>
