<?xml version="1.0" encoding="UTF-8" ?>
<testsuite errors="0" failures="1" hostname="ubuntu" name="edu.odu.cs.cs350.namex.TestLibrarian" skipped="0" tests="7" time="15.526" timestamp="2016-04-11T02:31:40">
  <properties>
[...]
</properties>
  <testcase classname="edu.odu.cs.cs350.namex.TestLibrarian" name="testSeparateNER" time="0.004" />
  <testcase classname="edu.odu.cs.cs350.namex.TestLibrarian" name="testPackage" time="0.0" />
  <testcase classname="edu.odu.cs.cs350.namex.TestLibrarian" name="testMain" time="10.304" />
  <testcase classname="edu.odu.cs.cs350.namex.TestLibrarian" name="testWeka" time="3.281" />
  <testcase classname="edu.odu.cs.cs350.namex.TestLibrarian" name="testMarkClassificationTag" time="0.459">
    <failure message="expected:&lt;This &lt;ADJ&gt;small&lt;/ADJ&gt; paper was &lt;VERB&gt;written&lt;/VERB&gt; by &lt;NOUN&gt;Pythagoras&lt;/NOUN&gt;.&gt; but was:&lt;null&gt;" type="junit.framework.AssertionFailedError">junit.framework.AssertionFailedError: expected:&lt;This &lt;ADJ&gt;small&lt;/ADJ&gt; paper was &lt;VERB&gt;written&lt;/VERB&gt; by &lt;NOUN&gt;Pythagoras&lt;/NOUN&gt;.&gt; but was:&lt;null&gt;
	at edu.odu.cs.cs350.namex.TestLibrarian.testMarkClassificationTag(TestLibrarian.java:337)
</failure>
  </testcase>
  <testcase classname="edu.odu.cs.cs350.namex.TestLibrarian" name="testClassifyTokens" time="0.632" />
  <testcase classname="edu.odu.cs.cs350.namex.TestLibrarian" name="testClassify" time="0.766" />
  <system-out><![CDATA[*******************************
 Generating ARFF Training Data
*******************************

 Input FilePath: /home/gsilveri/git/Green3/data/training/trainingData.txt
Output FilePath: /home/gsilveri/git/Green3/data/arff/trainingData.arff

Classifying Tokens from 19956 TextBlocks...

*******************************
      Evaluation Summary
*******************************

Correctly Classified Instances      214965               91.8022 %
Incorrectly Classified Instances     19196                8.1978 %
Kappa statistic                          0.5001
Mean absolute error                      0.057 
Root mean squared error                  0.1883
Relative absolute error                 63.6573 %
Root relative squared error             88.9614 %
Total Number of Instances           234161     

Created: /home/gsilveri/git/Green3/data/arff/trainingData.arff
*******************************
 Saving Learning Machine to LearningMachine.model
*******************************


*******************************
      Evaluation Summary
*******************************

Correctly Classified Instances      214965               91.8022 %
Incorrectly Classified Instances     19196                8.1978 %
Kappa statistic                          0.5001
Mean absolute error                      0.057 
Root mean squared error                  0.1883
Relative absolute error                 63.6573 %
Root relative squared error             88.9614 %
Total Number of Instances           234161     

          lexeme:   Good
  classification:   continuing
         lexical:   capitalized
       beginning:   30%
      continuing:   48%
           other:   22%
      DTIC first:   0
       DTIC last:   1
    common first:   0
     common last:   1
       honorific:   0
          prefix:   0
          suffix:   0
       kill word:   0

          lexeme:   afternoon
  classification:   other
         lexical:   other
       beginning:   0%
      continuing:   0%
           other:   100%
      DTIC first:   0
       DTIC last:   0
    common first:   0
     common last:   0
       honorific:   0
          prefix:   0
          suffix:   0
       kill word:   0

          lexeme:   ,
  classification:   other
         lexical:   punct
       beginning:   0%
      continuing:   0%
           other:   100%
      DTIC first:   0
       DTIC last:   0
    common first:   0
     common last:   0
       honorific:   0
          prefix:   0
          suffix:   0
       kill word:   0

          lexeme:   this
  classification:   other
         lexical:   other
       beginning:   0%
      continuing:   0%
           other:   100%
      DTIC first:   0
       DTIC last:   0
    common first:   0
     common last:   0
       honorific:   0
          prefix:   0
          suffix:   0
       kill word:   0

          lexeme:   is
  classification:   other
         lexical:   other
       beginning:   0%
      continuing:   0%
           other:   100%
      DTIC first:   1
       DTIC last:   0
    common first:   0
     common last:   0
       honorific:   0
          prefix:   0
          suffix:   0
       kill word:   0

          lexeme:   John
  classification:   beginning
         lexical:   capitalized
       beginning:   84%
      continuing:   16%
           other:   0%
      DTIC first:   1
       DTIC last:   1
    common first:   1
     common last:   1
       honorific:   0
          prefix:   0
          suffix:   0
       kill word:   0

          lexeme:   Smith
  classification:   beginning
         lexical:   capitalized
       beginning:   62%
      continuing:   38%
           other:   0%
      DTIC first:   1
       DTIC last:   1
    common first:   0
     common last:   1
       honorific:   0
          prefix:   0
          suffix:   0
       kill word:   0

          lexeme:   .
  classification:   other
         lexical:   punct
       beginning:   0%
      continuing:   0%
           other:   100%
      DTIC first:   0
       DTIC last:   0
    common first:   0
     common last:   0
       honorific:   0
          prefix:   0
          suffix:   0
       kill word:   0

          lexeme:   I
  classification:   continuing
         lexical:   capLetter
       beginning:   3%
      continuing:   72%
           other:   25%
      DTIC first:   1
       DTIC last:   0
    common first:   0
     common last:   0
       honorific:   0
          prefix:   0
          suffix:   0
       kill word:   0

          lexeme:   will
  classification:   other
         lexical:   other
       beginning:   5%
      continuing:   9%
           other:   86%
      DTIC first:   1
       DTIC last:   1
    common first:   1
     common last:   1
       honorific:   0
          prefix:   0
          suffix:   0
       kill word:   0

          lexeme:   be
  classification:   other
         lexical:   other
       beginning:   0%
      continuing:   1%
           other:   99%
      DTIC first:   1
       DTIC last:   1
    common first:   0
     common last:   1
       honorific:   0
          prefix:   0
          suffix:   0
       kill word:   0

          lexeme:   attending
  classification:   other
         lexical:   other
       beginning:   0%
      continuing:   0%
           other:   100%
      DTIC first:   0
       DTIC last:   0
    common first:   0
     common last:   0
       honorific:   0
          prefix:   0
          suffix:   0
       kill word:   0

          lexeme:   George
  classification:   beginning
         lexical:   capitalized
       beginning:   84%
      continuing:   16%
           other:   0%
      DTIC first:   1
       DTIC last:   1
    common first:   1
     common last:   1
       honorific:   0
          prefix:   0
          suffix:   0
       kill word:   0

          lexeme:   Washington
  classification:   beginning
         lexical:   capitalized
       beginning:   62%
      continuing:   38%
           other:   0%
      DTIC first:   1
       DTIC last:   1
    common first:   0
     common last:   1
       honorific:   0
          prefix:   0
          suffix:   0
       kill word:   0

          lexeme:   University
  classification:   other
         lexical:   capitalized
       beginning:   0%
      continuing:   0%
           other:   100%
      DTIC first:   0
       DTIC last:   0
    common first:   0
     common last:   0
       honorific:   0
          prefix:   0
          suffix:   0
       kill word:   1

          lexeme:   next
  classification:   other
         lexical:   other
       beginning:   0%
      continuing:   0%
           other:   100%
      DTIC first:   0
       DTIC last:   0
    common first:   0
     common last:   0
       honorific:   0
          prefix:   0
          suffix:   0
       kill word:   0

          lexeme:   year
  classification:   other
         lexical:   other
       beginning:   0%
      continuing:   0%
           other:   100%
      DTIC first:   0
       DTIC last:   0
    common first:   0
     common last:   0
       honorific:   0
          prefix:   0
          suffix:   0
       kill word:   0

          lexeme:   .
  classification:   other
         lexical:   punct
       beginning:   0%
      continuing:   0%
           other:   100%
      DTIC first:   0
       DTIC last:   0
    common first:   0
     common last:   0
       honorific:   0
          prefix:   0
          suffix:   0
       kill word:   0

          lexeme:   Say
  classification:   continuing
         lexical:   capitalized
       beginning:   45%
      continuing:   54%
           other:   2%
      DTIC first:   1
       DTIC last:   1
    common first:   0
     common last:   1
       honorific:   0
          prefix:   0
          suffix:   0
       kill word:   0

          lexeme:   hello
  classification:   other
         lexical:   other
       beginning:   0%
      continuing:   0%
           other:   100%
      DTIC first:   0
       DTIC last:   0
    common first:   0
     common last:   0
       honorific:   0
          prefix:   0
          suffix:   0
       kill word:   0

          lexeme:   to
  classification:   other
         lexical:   other
       beginning:   0%
      continuing:   1%
           other:   99%
      DTIC first:   1
       DTIC last:   1
    common first:   0
     common last:   1
       honorific:   0
          prefix:   0
          suffix:   0
       kill word:   0

          lexeme:   Mr
  classification:   beginning
         lexical:   capitalized
       beginning:   77%
      continuing:   1%
           other:   22%
      DTIC first:   1
       DTIC last:   0
    common first:   0
     common last:   0
       honorific:   1
          prefix:   0
          suffix:   0
       kill word:   0

          lexeme:   .
  classification:   other
         lexical:   punct
       beginning:   0%
      continuing:   0%
           other:   100%
      DTIC first:   0
       DTIC last:   0
    common first:   0
     common last:   0
       honorific:   0
          prefix:   0
          suffix:   0
       kill word:   0

          lexeme:   Samuel
  classification:   beginning
         lexical:   capitalized
       beginning:   84%
      continuing:   16%
           other:   0%
      DTIC first:   1
       DTIC last:   1
    common first:   1
     common last:   1
       honorific:   0
          prefix:   0
          suffix:   0
       kill word:   0

          lexeme:   L
  classification:   continuing
         lexical:   capLetter
       beginning:   3%
      continuing:   72%
           other:   25%
      DTIC first:   1
       DTIC last:   0
    common first:   0
     common last:   0
       honorific:   0
          prefix:   0
          suffix:   0
       kill word:   0

          lexeme:   .
  classification:   other
         lexical:   punct
       beginning:   0%
      continuing:   0%
           other:   100%
      DTIC first:   0
       DTIC last:   0
    common first:   0
     common last:   0
       honorific:   0
          prefix:   0
          suffix:   0
       kill word:   0

          lexeme:   Jackson
  classification:   beginning
         lexical:   capitalized
       beginning:   84%
      continuing:   16%
           other:   0%
      DTIC first:   1
       DTIC last:   1
    common first:   1
     common last:   1
       honorific:   0
          prefix:   0
          suffix:   0
       kill word:   0

          lexeme:   ,
  classification:   other
         lexical:   punct
       beginning:   0%
      continuing:   0%
           other:   100%
      DTIC first:   0
       DTIC last:   0
    common first:   0
     common last:   0
       honorific:   0
          prefix:   0
          suffix:   0
       kill word:   0

          lexeme:   III
  classification:   other
         lexical:   allCaps
       beginning:   1%
      continuing:   9%
           other:   90%
      DTIC first:   1
       DTIC last:   0
    common first:   0
     common last:   0
       honorific:   0
          prefix:   0
          suffix:   0
       kill word:   0

Hello <PER>John Smith</PER> this is <PER>Mr. Samuel L. Jackson, III</PER>
"</PER>,other,other,0,0,0,0,0,0,0,0,0,0,0,0,other,6,",
"Samuel,capitalized,other,1,0,0,1,1,1,1,1,0,0,0,0,continuing,16,",
"Hello,capitalized,other,1,0,0,0,0,0,0,0,0,0,0,0,other,0,",
"is,other,other,1,0,0,0,1,0,0,0,0,0,0,0,other,10,",
"this,other,other,1,0,0,0,0,0,0,0,0,0,0,0,other,8,",
"</PER>,other,other,0,0,0,0,0,0,0,0,0,0,0,0,other,25,",
"Jackson,capitalized,other,1,0,0,1,1,1,1,1,0,0,0,0,continuing,21,",
"III,allCaps,other,1,0,0,0,1,0,0,0,0,0,0,0,continuing,24,",
"Mr,capitalized,other,1,0,0,0,1,0,0,0,1,0,0,0,beginning,13,",
".,punct,period,0,0,0,0,0,0,0,0,0,0,0,0,other,14,",
"L,capLetter,other,1,0,0,0,1,0,0,0,0,0,0,0,continuing,18,",
",,punct,comma,0,0,0,0,0,0,0,0,0,0,0,0,other,22,",
"<PER>,other,other,0,0,0,0,0,0,0,0,0,0,0,0,other,2,",
"John,capitalized,other,1,0,0,1,1,1,1,1,0,0,0,0,beginning,3,",
"Smith,capitalized,other,1,0,0,1,1,1,0,1,0,0,0,0,continuing,5,",
".,punct,period,0,0,0,0,0,0,0,0,0,0,0,0,other,19,",
"<PER>,other,other,0,0,0,0,0,0,0,0,0,0,0,0,other,12,",

*******************************
      Evaluation Summary
*******************************

Correctly Classified Instances          21               87.5    %
Incorrectly Classified Instances         3               12.5    %
Kappa statistic                          0.7283
Mean absolute error                      0.1163
Root mean squared error                  0.2514
Relative absolute error                 33.8363 %
Root relative squared error             61.6617 %
Total Number of Instances               24     

]]></system-out>
  <system-err><![CDATA[]]></system-err>
</testsuite>
