<?xml version="1.0" encoding="UTF-8" ?>
<testsuite errors="0" failures="19" hostname="TristanPC" name="edu.odu.cs.cs350.namex.TestLearningMachine" skipped="0" tests="19" time="0.142" timestamp="2016-04-17T21:22:28">
  <properties>
[...]
</properties>
  <testcase classname="edu.odu.cs.cs350.namex.TestLearningMachine" name="TestImportARFFHashSet" time="0.006">
    <failure message="Not yet implemented" type="junit.framework.AssertionFailedError">junit.framework.AssertionFailedError: Not yet implemented
	at edu.odu.cs.cs350.namex.TestLearningMachine.TestImportARFFHashSet(TestLearningMachine.java:134)
</failure>
  </testcase>
  <testcase classname="edu.odu.cs.cs350.namex.TestLearningMachine" name="TestGetTrainingInstances" time="0.0">
    <failure message="Not yet implemented" type="junit.framework.AssertionFailedError">junit.framework.AssertionFailedError: Not yet implemented
	at edu.odu.cs.cs350.namex.TestLearningMachine.TestGetTrainingInstances(TestLearningMachine.java:169)
</failure>
  </testcase>
  <testcase classname="edu.odu.cs.cs350.namex.TestLearningMachine" name="TestGetShingleDistribution" time="0.0">
    <failure message="Not yet implemented" type="junit.framework.AssertionFailedError">junit.framework.AssertionFailedError: Not yet implemented
	at edu.odu.cs.cs350.namex.TestLearningMachine.TestGetShingleDistribution(TestLearningMachine.java:91)
</failure>
  </testcase>
  <testcase classname="edu.odu.cs.cs350.namex.TestLearningMachine" name="TestExportARFF" time="0.001">
    <failure message="Not yet implemented" type="junit.framework.AssertionFailedError">junit.framework.AssertionFailedError: Not yet implemented
	at edu.odu.cs.cs350.namex.TestLearningMachine.TestExportARFF(TestLearningMachine.java:116)
</failure>
  </testcase>
  <testcase classname="edu.odu.cs.cs350.namex.TestLearningMachine" name="TestImportARFFString" time="0.001">
    <failure message="Not yet implemented" type="junit.framework.AssertionFailedError">junit.framework.AssertionFailedError: Not yet implemented
	at edu.odu.cs.cs350.namex.TestLearningMachine.TestImportARFFString(TestLearningMachine.java:125)
</failure>
  </testcase>
  <testcase classname="edu.odu.cs.cs350.namex.TestLearningMachine" name="TestLearningMachineString" time="0.001">
    <failure message="Not yet implemented" type="junit.framework.AssertionFailedError">junit.framework.AssertionFailedError: Not yet implemented
	at edu.odu.cs.cs350.namex.TestLearningMachine.TestLearningMachineString(TestLearningMachine.java:37)
</failure>
  </testcase>
  <testcase classname="edu.odu.cs.cs350.namex.TestLearningMachine" name="TestImportARFFStringArr" time="0.001">
    <failure message="Not yet implemented" type="junit.framework.AssertionFailedError">junit.framework.AssertionFailedError: Not yet implemented
	at edu.odu.cs.cs350.namex.TestLearningMachine.TestImportARFFStringArr(TestLearningMachine.java:143)
</failure>
  </testcase>
  <testcase classname="edu.odu.cs.cs350.namex.TestLearningMachine" name="TestPrintARFF" time="0.001">
    <failure message="Not yet implemented" type="junit.framework.AssertionFailedError">junit.framework.AssertionFailedError: Not yet implemented
	at edu.odu.cs.cs350.namex.TestLearningMachine.TestPrintARFF(TestLearningMachine.java:108)
</failure>
  </testcase>
  <testcase classname="edu.odu.cs.cs350.namex.TestLearningMachine" name="TestGetNumberOfAttributes" time="0.0">
    <failure message="Not yet implemented" type="junit.framework.AssertionFailedError">junit.framework.AssertionFailedError: Not yet implemented
	at edu.odu.cs.cs350.namex.TestLearningMachine.TestGetNumberOfAttributes(TestLearningMachine.java:160)
</failure>
  </testcase>
  <testcase classname="edu.odu.cs.cs350.namex.TestLearningMachine" name="TestTrainInstances" time="0.0">
    <failure message="Not yet implemented" type="junit.framework.AssertionFailedError">junit.framework.AssertionFailedError: Not yet implemented
	at edu.odu.cs.cs350.namex.TestLearningMachine.TestTrainInstances(TestLearningMachine.java:46)
</failure>
  </testcase>
  <testcase classname="edu.odu.cs.cs350.namex.TestLearningMachine" name="TestTrain" time="0.001">
    <failure message="Not yet implemented" type="junit.framework.AssertionFailedError">junit.framework.AssertionFailedError: Not yet implemented
	at edu.odu.cs.cs350.namex.TestLearningMachine.TestTrain(TestLearningMachine.java:54)
</failure>
  </testcase>
  <testcase classname="edu.odu.cs.cs350.namex.TestLearningMachine" name="TestPrintEvaluationSummary" time="0.001">
    <failure message="Not yet implemented" type="junit.framework.AssertionFailedError">junit.framework.AssertionFailedError: Not yet implemented
	at edu.odu.cs.cs350.namex.TestLearningMachine.TestPrintEvaluationSummary(TestLearningMachine.java:99)
</failure>
  </testcase>
  <testcase classname="edu.odu.cs.cs350.namex.TestLearningMachine" name="TestGetClassifier" time="0.001">
    <failure message="Not yet implemented" type="junit.framework.AssertionFailedError">junit.framework.AssertionFailedError: Not yet implemented
	at edu.odu.cs.cs350.namex.TestLearningMachine.TestGetClassifier(TestLearningMachine.java:151)
</failure>
  </testcase>
  <testcase classname="edu.odu.cs.cs350.namex.TestLearningMachine" name="TestClassifyShingle" time="0.001">
    <failure message="Not yet implemented" type="junit.framework.AssertionFailedError">junit.framework.AssertionFailedError: Not yet implemented
	at edu.odu.cs.cs350.namex.TestLearningMachine.TestClassifyShingle(TestLearningMachine.java:82)
</failure>
  </testcase>
  <testcase classname="edu.odu.cs.cs350.namex.TestLearningMachine" name="TestGetDistribution" time="0.001">
    <failure message="Not yet implemented" type="junit.framework.AssertionFailedError">junit.framework.AssertionFailedError: Not yet implemented
	at edu.odu.cs.cs350.namex.TestLearningMachine.TestGetDistribution(TestLearningMachine.java:65)
</failure>
  </testcase>
  <testcase classname="edu.odu.cs.cs350.namex.TestLearningMachine" name="TestLearningMachine" time="0.002">
    <failure message="Not yet implemented" type="junit.framework.AssertionFailedError">junit.framework.AssertionFailedError: Not yet implemented
	at edu.odu.cs.cs350.namex.TestLearningMachine.TestLearningMachine(TestLearningMachine.java:28)
</failure>
  </testcase>
  <testcase classname="edu.odu.cs.cs350.namex.TestLearningMachine" name="testLoadLM" time="0.001">
    <failure message="Not yet implemented" type="junit.framework.AssertionFailedError">junit.framework.AssertionFailedError: Not yet implemented
	at edu.odu.cs.cs350.namex.TestLearningMachine.testLoadLM(TestLearningMachine.java:186)
</failure>
  </testcase>
  <testcase classname="edu.odu.cs.cs350.namex.TestLearningMachine" name="TestClassify" time="0.001">
    <failure message="Not yet implemented" type="junit.framework.AssertionFailedError">junit.framework.AssertionFailedError: Not yet implemented
	at edu.odu.cs.cs350.namex.TestLearningMachine.TestClassify(TestLearningMachine.java:73)
</failure>
  </testcase>
  <testcase classname="edu.odu.cs.cs350.namex.TestLearningMachine" name="testSaveLM" time="0.001">
    <failure message="Not yet implemented" type="junit.framework.AssertionFailedError">junit.framework.AssertionFailedError: Not yet implemented
	at edu.odu.cs.cs350.namex.TestLearningMachine.testSaveLM(TestLearningMachine.java:178)
</failure>
  </testcase>
  <system-out><![CDATA[]]></system-out>
  <system-err><![CDATA[]]></system-err>
</testsuite>
