<?xml version="1.0" encoding="UTF-8" ?>
<testsuite errors="2" failures="2" hostname="ubuntu" name="edu.odu.cs.cs350.namex.TestTrainer" skipped="0" tests="8" time="43.477" timestamp="2016-04-10T18:36:02">
  <properties>
[...]
</properties>
  <testcase classname="edu.odu.cs.cs350.namex.TestTrainer" name="testGetTrainingData" time="0.033">
    <error type="java.lang.NullPointerException">java.lang.NullPointerException
	at edu.odu.cs.cs350.namex.Trainer.getTrainingData(Trainer.java:946)
	at edu.odu.cs.cs350.namex.TestTrainer.testGetTrainingData(TestTrainer.java:229)
</error>
  </testcase>
  <testcase classname="edu.odu.cs.cs350.namex.TestTrainer" name="testGenerateARFF" time="12.513" />
  <testcase classname="edu.odu.cs.cs350.namex.TestTrainer" name="testTrainLM" time="0.031" />
  <testcase classname="edu.odu.cs.cs350.namex.TestTrainer" name="testTrainer" time="0.002">
    <error type="java.lang.NullPointerException">java.lang.NullPointerException
	at edu.odu.cs.cs350.namex.Trainer.getTrainingData(Trainer.java:946)
	at edu.odu.cs.cs350.namex.TestTrainer.testTrainer(TestTrainer.java:220)
</error>
  </testcase>
  <testcase classname="edu.odu.cs.cs350.namex.TestTrainer" name="testTokenize" time="0.003">
    <failure message="expected:&lt;[capitalized]&gt; but was:&lt;[other]&gt;" type="junit.framework.AssertionFailedError">junit.framework.AssertionFailedError: expected:&lt;[capitalized]&gt; but was:&lt;[other]&gt;
	at edu.odu.cs.cs350.namex.TestTrainer.testTokenize(TestTrainer.java:194)
</failure>
  </testcase>
  <testcase classname="edu.odu.cs.cs350.namex.TestTrainer" name="testGenerateShingleARFF" time="22.389" />
  <testcase classname="edu.odu.cs.cs350.namex.TestTrainer" name="testShingle" time="8.402" />
  <testcase classname="edu.odu.cs.cs350.namex.TestTrainer" name="testGetTokenCount" time="0.001">
    <failure message="expected:&lt;3&gt; but was:&lt;1&gt;" type="junit.framework.AssertionFailedError">junit.framework.AssertionFailedError: expected:&lt;3&gt; but was:&lt;1&gt;
	at edu.odu.cs.cs350.namex.TestTrainer.testGetTokenCount(TestTrainer.java:210)
</failure>
  </testcase>
  <system-out><![CDATA[*******************************
 Generating ARFF Training Data
*******************************

 Input FilePath: /home/gsilveri/git/Green3/data/training/trainingData.txt
Output FilePath: /home/gsilveri/git/Green3/data/arff/trainingData.arff

Classifying Tokens from 19956 TextBlocks...

*******************************
      Evaluation Summary
*******************************

Correctly Classified Instances      255008               92.4843 %
Incorrectly Classified Instances     20723                7.5157 %
Kappa statistic                          0.4799
Mean absolute error                      0.0612
Root mean squared error                  0.1873
Relative absolute error                 78.4824 %
Root relative squared error             94.8368 %
Total Number of Instances           275731     

Created: /home/gsilveri/git/Green3/data/arff/trainingData.arff

Shingling 19956 TextBlocks...

*******************************
      Evaluation Summary
*******************************

Correctly Classified Instances      104310               92.4161 %
Incorrectly Classified Instances      8560                7.5839 %
Kappa statistic                          0.6135
Mean absolute error                      0.081 
Root mean squared error                  0.2494
Relative absolute error                 50.2484 %
Root relative squared error             87.8415 %
Total Number of Instances           112870     

Created: /home/gsilveri/git/Green3/data/arff/shingling_training_k3_2.arff
Elapsed Time: 22 seconds.

*******************************
      Evaluation Summary
*******************************

Correctly Classified Instances      104310               92.4161 %
Incorrectly Classified Instances      8560                7.5839 %
Kappa statistic                          0.6135
Mean absolute error                      0.081 
Root mean squared error                  0.2494
Relative absolute error                 50.2484 %
Root relative squared error             87.8415 %
Total Number of Instances           112870     

         Lexemes:   null null null The George Washington University 
 Classifications:   other other other continuing beginning beginning other 
   Contains Name:   yes
             Yes:   100%
              No:   0%

         Lexemes:   null null The George Washington University is 
 Classifications:   other other continuing beginning beginning other other 
   Contains Name:   yes
             Yes:   100%
              No:   0%

         Lexemes:   null The George Washington University is where 
 Classifications:   other continuing beginning beginning other other other 
   Contains Name:   yes
             Yes:   100%
              No:   0%

         Lexemes:   The George Washington University is where I 
 Classifications:   continuing beginning beginning other other other continuing 
   Contains Name:   yes
             Yes:   100%
              No:   0%

         Lexemes:   George Washington University is where I will 
 Classifications:   beginning beginning other other other continuing beginning 
   Contains Name:   yes
             Yes:   100%
              No:   0%

         Lexemes:   Washington University is where I will be 
 Classifications:   beginning other other other continuing beginning other 
   Contains Name:   yes
             Yes:   99%
              No:   1%

         Lexemes:   University is where I will be attending 
 Classifications:   other other other continuing beginning other other 
   Contains Name:   no
             Yes:   17%
              No:   83%

         Lexemes:   is where I will be attending in 
 Classifications:   other other continuing beginning other other beginning 
   Contains Name:   yes
             Yes:   98%
              No:   2%

         Lexemes:   where I will be attending in the 
 Classifications:   other continuing beginning other other beginning other 
   Contains Name:   yes
             Yes:   97%
              No:   3%

         Lexemes:   I will be attending in the fall 
 Classifications:   continuing beginning other other beginning other other 
   Contains Name:   yes
             Yes:   98%
              No:   2%

         Lexemes:   will be attending in the fall . 
 Classifications:   beginning other other beginning other other other 
   Contains Name:   yes
             Yes:   80%
              No:   20%

         Lexemes:   be attending in the fall . null 
 Classifications:   other other beginning other other other other 
   Contains Name:   no
             Yes:   4%
              No:   96%

         Lexemes:   attending in the fall . null null 
 Classifications:   other beginning other other other other other 
   Contains Name:   no
             Yes:   1%
              No:   99%

         Lexemes:   in the fall . null null null 
 Classifications:   beginning other other other other other other 
   Contains Name:   no
             Yes:   2%
              No:   98%

]]></system-out>
  <system-err><![CDATA[]]></system-err>
</testsuite>
