<?xml version="1.0" encoding="UTF-8" ?>
<testsuite errors="0" failures="0" hostname="joehl-laptop" name="edu.odu.cs.cs350.namex.TestToken" skipped="0" tests="18" time="1.793" timestamp="2016-04-15T19:48:27">
  <properties>
[...]
</properties>
  <testcase classname="edu.odu.cs.cs350.namex.TestToken" name="testDTICLast" time="0.005" />
  <testcase classname="edu.odu.cs.cs350.namex.TestToken" name="testPartOfSpeech" time="0.001" />
  <testcase classname="edu.odu.cs.cs350.namex.TestToken" name="testDTICFirst" time="0.0" />
  <testcase classname="edu.odu.cs.cs350.namex.TestToken" name="testPlace" time="0.0" />
  <testcase classname="edu.odu.cs.cs350.namex.TestToken" name="testToken" time="0.001" />
  <testcase classname="edu.odu.cs.cs350.namex.TestToken" name="testName" time="0.0" />
  <testcase classname="edu.odu.cs.cs350.namex.TestToken" name="testToString" time="1.616" />
  <testcase classname="edu.odu.cs.cs350.namex.TestToken" name="testCountryTerritory" time="0.0" />
  <testcase classname="edu.odu.cs.cs350.namex.TestToken" name="testCityState" time="0.001" />
  <testcase classname="edu.odu.cs.cs350.namex.TestToken" name="testLexical" time="0.0" />
  <testcase classname="edu.odu.cs.cs350.namex.TestToken" name="testHonorific" time="0.0" />
  <testcase classname="edu.odu.cs.cs350.namex.TestToken" name="testKillWord" time="0.001" />
  <testcase classname="edu.odu.cs.cs350.namex.TestToken" name="testCommonLast" time="0.0" />
  <testcase classname="edu.odu.cs.cs350.namex.TestToken" name="testDictionaryWord" time="0.0" />
  <testcase classname="edu.odu.cs.cs350.namex.TestToken" name="testLexeme" time="0.001" />
  <testcase classname="edu.odu.cs.cs350.namex.TestToken" name="testPrefix" time="0.0" />
  <testcase classname="edu.odu.cs.cs350.namex.TestToken" name="testCommonFirst" time="0.0" />
  <testcase classname="edu.odu.cs.cs350.namex.TestToken" name="testSuffix" time="0.0" />
  <system-out><![CDATA[]]></system-out>
  <system-err><![CDATA[]]></system-err>
</testsuite>
