<?xml version="1.0" encoding="UTF-8" ?>
<testsuite errors="1" failures="0" hostname="Scarzee" name="edu.odu.cs.cs350.namex.TestTrainer" skipped="0" tests="8" time="53.945" timestamp="2016-04-14T21:57:03">
  <properties>
[...]
</properties>
  <testcase classname="edu.odu.cs.cs350.namex.TestTrainer" name="testPrepareData" time="14.856" />
  <testcase classname="edu.odu.cs.cs350.namex.TestTrainer" name="testPrepareShingleData" time="25.951" />
  <testcase classname="edu.odu.cs.cs350.namex.TestTrainer" name="testTrainLM" time="0.008">
    <error type="java.lang.NullPointerException">java.lang.NullPointerException
	at edu.odu.cs.cs350.namex.TestTrainer.testTrainLM(TestTrainer.java:219)
</error>
  </testcase>
  <testcase classname="edu.odu.cs.cs350.namex.TestTrainer" name="testTrainer" time="0.002" />
  <testcase classname="edu.odu.cs.cs350.namex.TestTrainer" name="testTokenize" time="0.0" />
  <testcase classname="edu.odu.cs.cs350.namex.TestTrainer" name="testSaveLoadLM" time="7.635" />
  <testcase classname="edu.odu.cs.cs350.namex.TestTrainer" name="testShingle" time="5.41" />
  <testcase classname="edu.odu.cs.cs350.namex.TestTrainer" name="testGetTokenCount" time="0.001" />
  <system-out><![CDATA[*******************************
 Generating ARFF Training Data
*******************************

 Input FilePath: C:\Users\Scar\git\Green3/src/main/data/trainingMaterial002.txt
Output FilePath: C:\Users\Scar\git\Green3/src/main/data/trainingMaterial002.arff
true

Classifying Tokens from 60587 TextBlocks...

*******************************
      Evaluation Summary
*******************************

Correctly Classified Instances      659837               92.6724 %
Incorrectly Classified Instances     52173                7.3276 %
Kappa statistic                          0.5284
Mean absolute error                      0.0554
Root mean squared error                  0.1854
Relative absolute error                 62.4023 %
Root relative squared error             87.9855 %
Total Number of Instances           712010     

Wrote to: C:\Users\Scar\git\Green3/src/main/data/trainingMaterial002.arff

Shingling 60587 TextBlocks...

*******************************
      Evaluation Summary
*******************************

Correctly Classified Instances      111403               93.4142 %
Incorrectly Classified Instances      7854                6.5858 %
Kappa statistic                          0.6238
Mean absolute error                      0.0705
Root mean squared error                  0.236 
Relative absolute error                 53.21   %
Root relative squared error             91.695  %
Total Number of Instances           119257     

Wrote to: C:\Users\Scar\git\Green3/src/main/data/shingling_training_k3_2.arff
Elapsed Time: 25 seconds.

*******************************
      Evaluation Summary
*******************************

Correctly Classified Instances      659837               92.6724 %
Incorrectly Classified Instances     52173                7.3276 %
Kappa statistic                          0.5284
Mean absolute error                      0.0554
Root mean squared error                  0.1854
Relative absolute error                 62.4023 %
Root relative squared error             87.9855 %
Total Number of Instances           712010     

Loaded LearningMachine: C:\Users\Scar\git\Green3/learning_machines/lm_1.ser

*******************************
      Evaluation Summary
*******************************

Correctly Classified Instances      111403               93.4142 %
Incorrectly Classified Instances      7854                6.5858 %
Kappa statistic                          0.6238
Mean absolute error                      0.0705
Root mean squared error                  0.236 
Relative absolute error                 53.21   %
Root relative squared error             91.695  %
Total Number of Instances           119257     

         Lexemes:   null null null null null The George Washington University is where 
 Classifications:   other other other other other continuing beginning beginning other other other 
   Contains Name:   no
             Yes:   1%
              No:   99%

         Lexemes:   null null null null The George Washington University is where I 
 Classifications:   other other other other continuing beginning beginning other other other continuing 
   Contains Name:   yes
             Yes:   98%
              No:   2%

         Lexemes:   null null null The George Washington University is where I will 
 Classifications:   other other other continuing beginning beginning other other other continuing other 
   Contains Name:   yes
             Yes:   100%
              No:   0%

         Lexemes:   null null The George Washington University is where I will be 
 Classifications:   other other continuing beginning beginning other other other continuing other other 
   Contains Name:   yes
             Yes:   100%
              No:   0%

         Lexemes:   null The George Washington University is where I will be attending 
 Classifications:   other continuing beginning beginning other other other continuing other other other 
   Contains Name:   yes
             Yes:   100%
              No:   0%

         Lexemes:   The George Washington University is where I will be attending in 
 Classifications:   continuing beginning beginning other other other continuing other other other other 
   Contains Name:   yes
             Yes:   100%
              No:   0%

         Lexemes:   George Washington University is where I will be attending in the 
 Classifications:   beginning beginning other other other continuing other other other other other 
   Contains Name:   yes
             Yes:   100%
              No:   0%

         Lexemes:   Washington University is where I will be attending in the fall 
 Classifications:   beginning other other other continuing other other other other other other 
   Contains Name:   no
             Yes:   36%
              No:   64%

         Lexemes:   University is where I will be attending in the fall . 
 Classifications:   other other other continuing other other other other other other other 
   Contains Name:   no
             Yes:   0%
              No:   100%

         Lexemes:   is where I will be attending in the fall . null 
 Classifications:   other other continuing other other other other other other other other 
   Contains Name:   no
             Yes:   1%
              No:   99%

         Lexemes:   where I will be attending in the fall . null null 
 Classifications:   other continuing other other other other other other other other other 
   Contains Name:   no
             Yes:   0%
              No:   100%

         Lexemes:   I will be attending in the fall . null null null 
 Classifications:   continuing other other other other other other other other other other 
   Contains Name:   no
             Yes:   0%
              No:   100%

         Lexemes:   will be attending in the fall . null null null null 
 Classifications:   other other other other other other other other other other other 
   Contains Name:   no
             Yes:   0%
              No:   100%

         Lexemes:   be attending in the fall . null null null null null 
 Classifications:   other other other other other other other other other other other 
   Contains Name:   no
             Yes:   0%
              No:   100%

Elapsed Time: 5 seconds.
]]></system-out>
  <system-err><![CDATA[java.lang.NullPointerException
	at weka.core.Capabilities.test(Capabilities.java:1023)
	at weka.core.Capabilities.testWithFail(Capabilities.java:1302)
	at weka.classifiers.bayes.NaiveBayes.buildClassifier(NaiveBayes.java:213)
	at edu.odu.cs.cs350.namex.LearningMachine.train(LearningMachine.java:216)
	at edu.odu.cs.cs350.namex.TestTrainer.testSaveLoadLM(TestTrainer.java:285)
	at sun.reflect.NativeMethodAccessorImpl.invoke0(Native Method)
	at sun.reflect.NativeMethodAccessorImpl.invoke(NativeMethodAccessorImpl.java:57)
	at sun.reflect.DelegatingMethodAccessorImpl.invoke(DelegatingMethodAccessorImpl.java:43)
	at java.lang.reflect.Method.invoke(Method.java:606)
	at org.junit.runners.model.FrameworkMethod$1.runReflectiveCall(FrameworkMethod.java:47)
	at org.junit.internal.runners.model.ReflectiveCallable.run(ReflectiveCallable.java:12)
	at org.junit.runners.model.FrameworkMethod.invokeExplosively(FrameworkMethod.java:44)
	at org.junit.internal.runners.statements.InvokeMethod.evaluate(InvokeMethod.java:17)
	at org.junit.runners.ParentRunner.runLeaf(ParentRunner.java:271)
	at org.junit.runners.BlockJUnit4ClassRunner.runChild(BlockJUnit4ClassRunner.java:70)
	at org.junit.runners.BlockJUnit4ClassRunner.runChild(BlockJUnit4ClassRunner.java:50)
	at org.junit.runners.ParentRunner$3.run(ParentRunner.java:238)
	at org.junit.runners.ParentRunner$1.schedule(ParentRunner.java:63)
	at org.junit.runners.ParentRunner.runChildren(ParentRunner.java:236)
	at org.junit.runners.ParentRunner.access$000(ParentRunner.java:53)
	at org.junit.runners.ParentRunner$2.evaluate(ParentRunner.java:229)
	at org.junit.runners.ParentRunner.run(ParentRunner.java:309)
	at junit.framework.JUnit4TestAdapter.run(JUnit4TestAdapter.java:38)
	at org.apache.tools.ant.taskdefs.optional.junit.JUnitTestRunner.run(JUnitTestRunner.java:535)
	at org.apache.tools.ant.taskdefs.optional.junit.JUnitTestRunner.launch(JUnitTestRunner.java:1182)
	at org.apache.tools.ant.taskdefs.optional.junit.JUnitTestRunner.main(JUnitTestRunner.java:1033)
]]></system-err>
</testsuite>
