Testsuite: edu.odu.cs.cs350.namex.TestTrainer
Tests run: 6, Failures: 3, Errors: 3, Skipped: 0, Time elapsed: 1.337 sec

Testcase: testGetTrainingData took 0.017 sec
	FAILED
null
junit.framework.AssertionFailedError
	at edu.odu.cs.cs350.namex.TestTrainer.testGetTrainingData(TestTrainer.java:95)

Testcase: testTrainLM took 1.178 sec
	FAILED
null
junit.framework.AssertionFailedError
	at edu.odu.cs.cs350.namex.TestTrainer.testTrainLM(TestTrainer.java:121)

Testcase: testTrainer took 0.001 sec
	FAILED
null
junit.framework.AssertionFailedError
	at edu.odu.cs.cs350.namex.TestTrainer.testTrainer(TestTrainer.java:86)

Testcase: testParse took 0.003 sec
	Caused an ERROR
null
java.util.NoSuchElementException
	at java.util.StringTokenizer.nextToken(StringTokenizer.java:349)
	at edu.odu.cs.cs350.namex.Trainer.tokenize(Trainer.java:43)
	at edu.odu.cs.cs350.namex.TestTrainer.testParse(TestTrainer.java:60)

Testcase: testTokenize took 0.001 sec
	Caused an ERROR
null
java.util.NoSuchElementException
	at java.util.StringTokenizer.nextToken(StringTokenizer.java:349)
	at edu.odu.cs.cs350.namex.Trainer.tokenize(Trainer.java:43)
	at edu.odu.cs.cs350.namex.TestTrainer.testTokenize(TestTrainer.java:47)

Testcase: testGetTokenCount took 0.001 sec
	Caused an ERROR
null
java.util.NoSuchElementException
	at java.util.StringTokenizer.nextToken(StringTokenizer.java:349)
	at edu.odu.cs.cs350.namex.Trainer.tokenize(Trainer.java:43)
	at edu.odu.cs.cs350.namex.TestTrainer.testGetTokenCount(TestTrainer.java:74)

