<?xml version="1.0" encoding="UTF-8" ?>
<testsuite errors="0" failures="1" hostname="Scarzee" name="edu.odu.cs.cs350.namex.TestTextBlock" skipped="0" tests="7" time="0.083" timestamp="2016-04-14T21:57:02">
  <properties>
[...]
</properties>
  <testcase classname="edu.odu.cs.cs350.namex.TestTextBlock" name="testToString" time="0.004" />
  <testcase classname="edu.odu.cs.cs350.namex.TestTextBlock" name="testRemoveToken" time="0.0" />
  <testcase classname="edu.odu.cs.cs350.namex.TestTextBlock" name="testAddToken" time="0.001" />
  <testcase classname="edu.odu.cs.cs350.namex.TestTextBlock" name="testTextBlock" time="0.006">
    <failure type="junit.framework.AssertionFailedError">junit.framework.AssertionFailedError
	at edu.odu.cs.cs350.namex.TestTextBlock.testTextBlock(TestTextBlock.java:24)
</failure>
  </testcase>
  <testcase classname="edu.odu.cs.cs350.namex.TestTextBlock" name="testSetTextBlockGetTextBlock" time="0.0" />
  <testcase classname="edu.odu.cs.cs350.namex.TestTextBlock" name="testSetTokens" time="0.0" />
  <testcase classname="edu.odu.cs.cs350.namex.TestTextBlock" name="testGetTokens" time="0.0" />
  <system-out><![CDATA[]]></system-out>
  <system-err><![CDATA[]]></system-err>
</testsuite>
