<?xml version="1.0" encoding="UTF-8" ?>
<testsuite errors="0" failures="1" hostname="TristanPC" name="edu.odu.cs.cs350.namex.TestTrainer" skipped="0" tests="8" time="28.486" timestamp="2016-04-12T18:52:01">
  <properties>
[...]
</properties>
  <testcase classname="edu.odu.cs.cs350.namex.TestTrainer" name="testPrepareData" time="5.187" />
  <testcase classname="edu.odu.cs.cs350.namex.TestTrainer" name="testPrepareShingleData" time="12.469" />
  <testcase classname="edu.odu.cs.cs350.namex.TestTrainer" name="testTrainLM" time="0.026" />
  <testcase classname="edu.odu.cs.cs350.namex.TestTrainer" name="testTrainer" time="0.0" />
  <testcase classname="edu.odu.cs.cs350.namex.TestTrainer" name="testTokenize" time="0.0" />
  <testcase classname="edu.odu.cs.cs350.namex.TestTrainer" name="testSaveLoadLM" time="6.144" />
  <testcase classname="edu.odu.cs.cs350.namex.TestTrainer" name="testShingle" time="4.598" />
  <testcase classname="edu.odu.cs.cs350.namex.TestTrainer" name="testGetTokenCount" time="0.005">
    <failure message="expected:&lt;3&gt; but was:&lt;1&gt;" type="junit.framework.AssertionFailedError">junit.framework.AssertionFailedError: expected:&lt;3&gt; but was:&lt;1&gt;
	at edu.odu.cs.cs350.namex.TestTrainer.testGetTokenCount(TestTrainer.java:144)
</failure>
  </testcase>
  <system-out><![CDATA[*******************************
 Generating ARFF Training Data
*******************************

 Input FilePath: C:\Users\Tristan\git\Green3/data/training/trainingData.txt
Output FilePath: C:\Users\Tristan\git\Green3/data/arff/trainingData.arff

Classifying Tokens from 19956 TextBlocks...

*******************************
      Evaluation Summary
*******************************

Correctly Classified Instances      207442               91.5301 %
Incorrectly Classified Instances     19196                8.4699 %
Kappa statistic                          0.499 
Mean absolute error                      0.059 
Root mean squared error                  0.1913
Relative absolute error                 63.9147 %
Root relative squared error             89.0105 %
Total Number of Instances           226638     

Created: C:\Users\Tristan\git\Green3/data/arff/trainingData.arff
true

Shingling 19956 TextBlocks...

*******************************
      Evaluation Summary
*******************************

Correctly Classified Instances       99577               92.6306 %
Incorrectly Classified Instances      7922                7.3694 %
Kappa statistic                          0.6162
Mean absolute error                      0.0793
Root mean squared error                  0.2473
Relative absolute error                 51.4462 %
Root relative squared error             89.11   %
Total Number of Instances           107499     

Created: C:\Users\Tristan\git\Green3/data/arff/shingling_training_k3_2.arff
Elapsed Time: 12 seconds.

*******************************
      Evaluation Summary
*******************************

Correctly Classified Instances      207442               91.5301 %
Incorrectly Classified Instances     19196                8.4699 %
Kappa statistic                          0.499 
Mean absolute error                      0.059 
Root mean squared error                  0.1913
Relative absolute error                 63.9147 %
Root relative squared error             89.0105 %
Total Number of Instances           226638     

Loaded LearningMachine: C:\Users\Tristan\git\Green3/learning_machines/lm_1.ser

*******************************
      Evaluation Summary
*******************************

Correctly Classified Instances       99577               92.6306 %
Incorrectly Classified Instances      7922                7.3694 %
Kappa statistic                          0.6162
Mean absolute error                      0.0793
Root mean squared error                  0.2473
Relative absolute error                 51.4462 %
Root relative squared error             89.11   %
Total Number of Instances           107499     

         Lexemes:   null null null null null The George Washington University is where 
 Classifications:   other other other other other continuing beginning beginning other other other 
   Contains Name:   no
             Yes:   3%
              No:   97%

         Lexemes:   null null null null The George Washington University is where I 
 Classifications:   other other other other continuing beginning beginning other other other continuing 
   Contains Name:   yes
             Yes:   98%
              No:   2%

         Lexemes:   null null null The George Washington University is where I will 
 Classifications:   other other other continuing beginning beginning other other other continuing other 
   Contains Name:   yes
             Yes:   100%
              No:   0%

         Lexemes:   null null The George Washington University is where I will be 
 Classifications:   other other continuing beginning beginning other other other continuing other other 
   Contains Name:   yes
             Yes:   100%
              No:   0%

         Lexemes:   null The George Washington University is where I will be attending 
 Classifications:   other continuing beginning beginning other other other continuing other other other 
   Contains Name:   yes
             Yes:   100%
              No:   0%

         Lexemes:   The George Washington University is where I will be attending in 
 Classifications:   continuing beginning beginning other other other continuing other other other beginning 
   Contains Name:   yes
             Yes:   100%
              No:   0%

         Lexemes:   George Washington University is where I will be attending in the 
 Classifications:   beginning beginning other other other continuing other other other beginning other 
   Contains Name:   yes
             Yes:   100%
              No:   0%

         Lexemes:   Washington University is where I will be attending in the fall 
 Classifications:   beginning other other other continuing other other other beginning other other 
   Contains Name:   yes
             Yes:   76%
              No:   24%

         Lexemes:   University is where I will be attending in the fall . 
 Classifications:   other other other continuing other other other beginning other other other 
   Contains Name:   no
             Yes:   1%
              No:   99%

         Lexemes:   is where I will be attending in the fall . null 
 Classifications:   other other continuing other other other beginning other other other other 
   Contains Name:   yes
             Yes:   55%
              No:   45%

         Lexemes:   where I will be attending in the fall . null null 
 Classifications:   other continuing other other other beginning other other other other other 
   Contains Name:   no
             Yes:   35%
              No:   65%

         Lexemes:   I will be attending in the fall . null null null 
 Classifications:   continuing other other other beginning other other other other other other 
   Contains Name:   no
             Yes:   49%
              No:   51%

         Lexemes:   will be attending in the fall . null null null null 
 Classifications:   other other other beginning other other other other other other other 
   Contains Name:   no
             Yes:   8%
              No:   92%

         Lexemes:   be attending in the fall . null null null null null 
 Classifications:   other other beginning other other other other other other other other 
   Contains Name:   no
             Yes:   1%
              No:   99%

Elapsed Time: 4 seconds.
]]></system-out>
  <system-err><![CDATA[]]></system-err>
</testsuite>
