<?xml version="1.0" encoding="UTF-8" ?>
<testsuite errors="0" failures="1" hostname="joehl-laptop" name="edu.odu.cs.cs350.namex.TestLibrarian" skipped="0" tests="4" time="2.708" timestamp="2016-04-05T02:13:45">
  <properties>
[...]
</properties>
  <testcase classname="edu.odu.cs.cs350.namex.TestLibrarian" name="testSeparateNER" time="1.301" />
  <testcase classname="edu.odu.cs.cs350.namex.TestLibrarian" name="testPackage" time="0.0" />
  <testcase classname="edu.odu.cs.cs350.namex.TestLibrarian" name="testMain" time="0.78" />
  <testcase classname="edu.odu.cs.cs350.namex.TestLibrarian" name="testMarkClassificationTag" time="0.521">
    <failure message="expected:&lt;This &lt;ADJ&gt;small&lt;/ADJ&gt; paper was &lt;VERB&gt;written&lt;/VERB&gt; by &lt;NOUN&gt;Pythagoras&lt;/NOUN&gt;.&gt; but was:&lt;null&gt;" type="junit.framework.AssertionFailedError">junit.framework.AssertionFailedError: expected:&lt;This &lt;ADJ&gt;small&lt;/ADJ&gt; paper was &lt;VERB&gt;written&lt;/VERB&gt; by &lt;NOUN&gt;Pythagoras&lt;/NOUN&gt;.&gt; but was:&lt;null&gt;
	at edu.odu.cs.cs350.namex.TestLibrarian.testMarkClassificationTag(TestLibrarian.java:216)
</failure>
  </testcase>
  <system-out><![CDATA[0: true [<NER>Hello, There are snakes on this plane! I don't know what to do!</NER> - <NER>Hello, There are snakes on this plane! I don't know what to do!</NER>]
1: true [<NER>This should be another text block!</NER> - <NER>This should be another text block!</NER>]
0: true [<NER>Guess what, the snakes were fake!</NER> - <NER>Guess what, the snakes were fake!</NER>]
1: true [<NER>I can relax now</NER> - <NER>I can relax now</NER>]
2: true [<NER>Thank god</NER> - <NER>Thank god</NER>]
<NER>Hello, There are snakes on this plane! I don't know what to do!</NER>
Hello,capitalized,other,0,0,0,0,0,0,0,0,0,0,0,0,0
,,punct,comma,0,0,0,0,0,0,0,0,0,0,0,0,0
There,capitalized,other,0,0,0,0,0,0,0,0,0,0,0,0,0
are,other,other,1,0,0,0,0,0,0,0,0,0,0,0,0
snakes,other,other,1,0,0,0,0,0,0,0,0,0,0,0,0
on,other,other,1,0,0,0,0,0,0,0,0,0,0,0,0
this,other,other,1,0,0,0,0,0,0,0,0,0,0,0,0
plane,other,other,1,0,0,0,0,0,0,0,0,0,0,0,0
!,punct,other,0,0,0,0,0,0,0,0,0,0,0,0,0
I,capLetter,other,0,0,0,0,0,0,0,0,0,0,0,0,0
don't,other,other,1,0,0,0,0,0,0,0,0,0,0,0,0
know,other,other,1,0,0,0,0,0,0,0,0,0,0,0,0
what,other,other,1,0,0,0,0,0,0,0,0,0,0,0,0
to,other,other,1,0,0,0,0,0,0,0,0,0,0,0,0
do,other,other,1,0,0,0,0,0,0,0,0,0,0,0,0
!,punct,other,0,0,0,0,0,0,0,0,0,0,0,0,0
<NER>Hello World line 2</NER>
Hello,capitalized,other,0,0,0,0,0,0,0,0,0,0,0,0,0
World,capitalized,other,0,0,0,0,0,0,0,1,0,0,0,0,0
line,other,other,1,0,0,0,0,0,0,0,0,0,0,0,0
<NER>Goodbye world!</NER>
Goodbye,capitalized,other,0,0,0,0,0,0,0,0,0,0,0,0,0
world,other,other,1,0,0,0,0,0,0,0,0,0,0,0,0
!,punct,other,0,0,0,0,0,0,0,0,0,0,0,0,0
]]></system-out>
  <system-err><![CDATA[]]></system-err>
</testsuite>
