Testsuite: edu.odu.cs.cs350.namex.TestLibrarian
Tests run: 4, Failures: 2, Errors: 0, Skipped: 0, Time elapsed: 2.654 sec
------------- Standard Output ---------------
Hello, There are snakes on this plane! I don't know what to do!
Hello,capitalized,other,0,0,0,0,0,0,0,0,0,0,0,0,0
,,punct,comma,0,0,0,0,0,0,0,0,0,0,0,0,0
There,capitalized,other,0,0,0,0,0,0,0,0,0,0,0,0,0
are,other,other,1,0,0,0,0,0,0,0,0,0,0,0,0
snakes,other,other,1,0,0,0,0,0,0,0,0,0,0,0,0
on,other,other,1,0,0,0,0,0,0,0,0,0,0,0,0
this,other,other,1,0,0,0,0,0,0,0,0,0,0,0,0
plane,other,other,1,0,0,0,0,0,0,0,0,0,0,0,0
!,punct,other,0,0,0,0,0,0,0,0,0,0,0,0,0
I,capLetter,other,0,0,0,0,0,0,0,0,0,0,0,0,0
don't,other,other,1,0,0,0,0,0,0,0,0,0,0,0,0
know,other,other,1,0,0,0,0,0,0,0,0,0,0,0,0
what,other,other,1,0,0,0,0,0,0,0,0,0,0,0,0
to,other,other,1,0,0,0,0,0,0,0,0,0,0,0,0
do,other,other,1,0,0,0,0,0,0,0,0,0,0,0,0
!,punct,other,0,0,0,0,0,0,0,0,0,0,0,0,0
Hello World line 2
Hello,capitalized,other,0,0,0,0,0,0,0,0,0,0,0,0,0
World,capitalized,other,0,0,0,0,0,0,0,1,0,0,0,0,0
line,other,other,1,0,0,0,0,0,0,0,0,0,0,0,0
Goodbye world!
Goodbye,capitalized,other,0,0,0,0,0,0,0,0,0,0,0,0,0
world,other,other,1,0,0,0,0,0,0,0,0,0,0,0,0
!,punct,other,0,0,0,0,0,0,0,0,0,0,0,0,0
------------- ---------------- ---------------

Testcase: testSeparateNER took 1.374 sec
	FAILED
expected:<[Hello, There are snakes on this plane! I don't know what to do!]> but was:<[<NER>Hello, There are snakes on this plane! I don't know what to do!</NER>]>
junit.framework.AssertionFailedError: expected:<[Hello, There are snakes on this plane! I don't know what to do!]> but was:<[<NER>Hello, There are snakes on this plane! I don't know what to do!</NER>]>
	at edu.odu.cs.cs350.namex.TestLibrarian.testSeparateNER(TestLibrarian.java:70)

Testcase: testPackage took 0 sec
Testcase: testMain took 0.668 sec
Testcase: testMarkClassificationTag took 0.582 sec
	FAILED
expected:<This <ADJ>small</ADJ> paper was <VERB>written</VERB> by <NOUN>Pythagoras</NOUN>.> but was:<null>
junit.framework.AssertionFailedError: expected:<This <ADJ>small</ADJ> paper was <VERB>written</VERB> by <NOUN>Pythagoras</NOUN>.> but was:<null>
	at edu.odu.cs.cs350.namex.TestLibrarian.testMarkClassificationTag(TestLibrarian.java:216)

