<?xml version="1.0" encoding="UTF-8" ?>
<testsuite errors="0" failures="0" hostname="TristanPC" name="edu.odu.cs.cs350.namex.TestLibrarian" skipped="0" tests="8" time="7.768" timestamp="2016-04-12T18:51:52">
  <properties>
[...]
</properties>
  <testcase classname="edu.odu.cs.cs350.namex.TestLibrarian" name="testSeparateNER" time="0.004" />
  <testcase classname="edu.odu.cs.cs350.namex.TestLibrarian" name="testPackage" time="0.0" />
  <testcase classname="edu.odu.cs.cs350.namex.TestLibrarian" name="testMain" time="5.027" />
  <testcase classname="edu.odu.cs.cs350.namex.TestLibrarian" name="testWeka" time="1.694" />
  <testcase classname="edu.odu.cs.cs350.namex.TestLibrarian" name="testGetLexicalFeature" time="0.358" />
  <testcase classname="edu.odu.cs.cs350.namex.TestLibrarian" name="testClassifyToken" time="0.306" />
  <testcase classname="edu.odu.cs.cs350.namex.TestLibrarian" name="identifyPlace" time="0.0" />
  <testcase classname="edu.odu.cs.cs350.namex.TestLibrarian" name="testGetFeatures" time="0.323" />
  <system-out><![CDATA[*******************************
 Generating ARFF Training Data
*******************************

 Input FilePath: C:\Users\Tristan\git\Green3/data/training/trainingData.txt
Output FilePath: C:\Users\Tristan\git\Green3/data/arff/trainingData.arff

Classifying Tokens from 19956 TextBlocks...
Created: C:\Users\Tristan\git\Green3/data/arff/trainingData.arff
*******************************
 Saving Learning Machine to LearningMachine.model
*******************************


*******************************
      Evaluation Summary
*******************************

Correctly Classified Instances      207442               91.5301 %
Incorrectly Classified Instances     19196                8.4699 %
Kappa statistic                          0.499 
Mean absolute error                      0.059 
Root mean squared error                  0.1913
Relative absolute error                 63.9147 %
Root relative squared error             89.0105 %
Total Number of Instances           226638     

            lexeme:   Good
    classification:   continuing
         beginning:   31%
        continuing:   49%
             other:   20%
           lexical:   capitalized
    part of speech:   other
   dictionary word:   1
        city/state:   0
 country/territory:   0
             place:   0
        DTIC first:   0
         DTIC last:   1
      common first:   0
       common last:   1
         honorific:   0
            prefix:   0
            suffix:   0
         kill word:   0

            lexeme:   afternoon
    classification:   other
         beginning:   0%
        continuing:   0%
             other:   100%
           lexical:   other
    part of speech:   other
   dictionary word:   1
        city/state:   0
 country/territory:   0
             place:   0
        DTIC first:   0
         DTIC last:   0
      common first:   0
       common last:   0
         honorific:   0
            prefix:   0
            suffix:   0
         kill word:   0

            lexeme:   ,
    classification:   other
         beginning:   0%
        continuing:   0%
             other:   100%
           lexical:   punct
    part of speech:   comma
   dictionary word:   0
        city/state:   0
 country/territory:   0
             place:   0
        DTIC first:   0
         DTIC last:   0
      common first:   0
       common last:   0
         honorific:   0
            prefix:   0
            suffix:   0
         kill word:   0

            lexeme:   this
    classification:   other
         beginning:   0%
        continuing:   0%
             other:   100%
           lexical:   other
    part of speech:   other
   dictionary word:   1
        city/state:   0
 country/territory:   0
             place:   0
        DTIC first:   0
         DTIC last:   0
      common first:   0
       common last:   0
         honorific:   0
            prefix:   0
            suffix:   0
         kill word:   0

            lexeme:   is
    classification:   other
         beginning:   0%
        continuing:   0%
             other:   100%
           lexical:   other
    part of speech:   other
   dictionary word:   1
        city/state:   0
 country/territory:   0
             place:   0
        DTIC first:   1
         DTIC last:   0
      common first:   0
       common last:   0
         honorific:   0
            prefix:   0
            suffix:   0
         kill word:   0

            lexeme:   John
    classification:   beginning
         beginning:   84%
        continuing:   16%
             other:   0%
           lexical:   capitalized
    part of speech:   other
   dictionary word:   1
        city/state:   0
 country/territory:   0
             place:   1
        DTIC first:   1
         DTIC last:   1
      common first:   1
       common last:   1
         honorific:   0
            prefix:   0
            suffix:   0
         kill word:   0

            lexeme:   Smith
    classification:   beginning
         beginning:   62%
        continuing:   38%
             other:   0%
           lexical:   capitalized
    part of speech:   other
   dictionary word:   1
        city/state:   0
 country/territory:   0
             place:   1
        DTIC first:   1
         DTIC last:   1
      common first:   0
       common last:   1
         honorific:   0
            prefix:   0
            suffix:   0
         kill word:   0

            lexeme:   .
    classification:   other
         beginning:   0%
        continuing:   0%
             other:   100%
           lexical:   punct
    part of speech:   period
   dictionary word:   0
        city/state:   0
 country/territory:   0
             place:   0
        DTIC first:   0
         DTIC last:   0
      common first:   0
       common last:   0
         honorific:   0
            prefix:   0
            suffix:   0
         kill word:   0

            lexeme:   I
    classification:   continuing
         beginning:   3%
        continuing:   70%
             other:   27%
           lexical:   capLetter
    part of speech:   other
   dictionary word:   1
        city/state:   0
 country/territory:   0
             place:   0
        DTIC first:   1
         DTIC last:   0
      common first:   0
       common last:   0
         honorific:   0
            prefix:   0
            suffix:   0
         kill word:   0

            lexeme:   will
    classification:   other
         beginning:   6%
        continuing:   10%
             other:   85%
           lexical:   other
    part of speech:   other
   dictionary word:   1
        city/state:   0
 country/territory:   0
             place:   0
        DTIC first:   1
         DTIC last:   1
      common first:   1
       common last:   1
         honorific:   0
            prefix:   0
            suffix:   0
         kill word:   0

            lexeme:   be
    classification:   other
         beginning:   0%
        continuing:   1%
             other:   99%
           lexical:   other
    part of speech:   other
   dictionary word:   1
        city/state:   0
 country/territory:   0
             place:   0
        DTIC first:   1
         DTIC last:   1
      common first:   0
       common last:   1
         honorific:   0
            prefix:   0
            suffix:   0
         kill word:   0

            lexeme:   attending
    classification:   other
         beginning:   0%
        continuing:   0%
             other:   100%
           lexical:   other
    part of speech:   other
   dictionary word:   1
        city/state:   0
 country/territory:   0
             place:   0
        DTIC first:   0
         DTIC last:   0
      common first:   0
       common last:   0
         honorific:   0
            prefix:   0
            suffix:   0
         kill word:   0

            lexeme:   George
    classification:   beginning
         beginning:   84%
        continuing:   16%
             other:   0%
           lexical:   capitalized
    part of speech:   other
   dictionary word:   1
        city/state:   0
 country/territory:   0
             place:   1
        DTIC first:   1
         DTIC last:   1
      common first:   1
       common last:   1
         honorific:   0
            prefix:   0
            suffix:   0
         kill word:   0

            lexeme:   Washington
    classification:   beginning
         beginning:   62%
        continuing:   38%
             other:   0%
           lexical:   capitalized
    part of speech:   other
   dictionary word:   1
        city/state:   0
 country/territory:   0
             place:   1
        DTIC first:   1
         DTIC last:   1
      common first:   0
       common last:   1
         honorific:   0
            prefix:   0
            suffix:   0
         kill word:   0

            lexeme:   University
    classification:   other
         beginning:   0%
        continuing:   0%
             other:   100%
           lexical:   capitalized
    part of speech:   other
   dictionary word:   1
        city/state:   0
 country/territory:   0
             place:   1
        DTIC first:   0
         DTIC last:   0
      common first:   0
       common last:   0
         honorific:   0
            prefix:   0
            suffix:   0
         kill word:   1

            lexeme:   next
    classification:   other
         beginning:   0%
        continuing:   0%
             other:   100%
           lexical:   other
    part of speech:   other
   dictionary word:   1
        city/state:   0
 country/territory:   0
             place:   0
        DTIC first:   0
         DTIC last:   0
      common first:   0
       common last:   0
         honorific:   0
            prefix:   0
            suffix:   0
         kill word:   0

            lexeme:   year
    classification:   other
         beginning:   0%
        continuing:   0%
             other:   100%
           lexical:   other
    part of speech:   other
   dictionary word:   1
        city/state:   0
 country/territory:   0
             place:   0
        DTIC first:   0
         DTIC last:   0
      common first:   0
       common last:   0
         honorific:   0
            prefix:   0
            suffix:   0
         kill word:   0

            lexeme:   .
    classification:   other
         beginning:   0%
        continuing:   0%
             other:   100%
           lexical:   punct
    part of speech:   period
   dictionary word:   0
        city/state:   0
 country/territory:   0
             place:   0
        DTIC first:   0
         DTIC last:   0
      common first:   0
       common last:   0
         honorific:   0
            prefix:   0
            suffix:   0
         kill word:   0

            lexeme:   Say
    classification:   continuing
         beginning:   45%
        continuing:   54%
             other:   2%
           lexical:   capitalized
    part of speech:   other
   dictionary word:   1
        city/state:   0
 country/territory:   0
             place:   0
        DTIC first:   1
         DTIC last:   1
      common first:   0
       common last:   1
         honorific:   0
            prefix:   0
            suffix:   0
         kill word:   0

            lexeme:   hello
    classification:   other
         beginning:   0%
        continuing:   0%
             other:   100%
           lexical:   other
    part of speech:   other
   dictionary word:   1
        city/state:   0
 country/territory:   0
             place:   0
        DTIC first:   0
         DTIC last:   0
      common first:   0
       common last:   0
         honorific:   0
            prefix:   0
            suffix:   0
         kill word:   0

            lexeme:   to
    classification:   other
         beginning:   0%
        continuing:   1%
             other:   99%
           lexical:   other
    part of speech:   other
   dictionary word:   1
        city/state:   0
 country/territory:   0
             place:   0
        DTIC first:   1
         DTIC last:   1
      common first:   0
       common last:   1
         honorific:   0
            prefix:   0
            suffix:   0
         kill word:   0

            lexeme:   Mr
    classification:   beginning
         beginning:   75%
        continuing:   1%
             other:   24%
           lexical:   capitalized
    part of speech:   other
   dictionary word:   1
        city/state:   0
 country/territory:   0
             place:   0
        DTIC first:   1
         DTIC last:   0
      common first:   0
       common last:   0
         honorific:   1
            prefix:   0
            suffix:   0
         kill word:   0

            lexeme:   .
    classification:   other
         beginning:   0%
        continuing:   0%
             other:   100%
           lexical:   punct
    part of speech:   period
   dictionary word:   0
        city/state:   0
 country/territory:   0
             place:   0
        DTIC first:   0
         DTIC last:   0
      common first:   0
       common last:   0
         honorific:   0
            prefix:   0
            suffix:   0
         kill word:   0

            lexeme:   Samuel
    classification:   beginning
         beginning:   84%
        continuing:   16%
             other:   0%
           lexical:   capitalized
    part of speech:   other
   dictionary word:   1
        city/state:   0
 country/territory:   0
             place:   1
        DTIC first:   1
         DTIC last:   1
      common first:   1
       common last:   1
         honorific:   0
            prefix:   0
            suffix:   0
         kill word:   0

            lexeme:   L
    classification:   continuing
         beginning:   3%
        continuing:   70%
             other:   27%
           lexical:   capLetter
    part of speech:   other
   dictionary word:   1
        city/state:   0
 country/territory:   0
             place:   0
        DTIC first:   1
         DTIC last:   0
      common first:   0
       common last:   0
         honorific:   0
            prefix:   0
            suffix:   0
         kill word:   0

            lexeme:   .
    classification:   other
         beginning:   0%
        continuing:   0%
             other:   100%
           lexical:   punct
    part of speech:   period
   dictionary word:   0
        city/state:   0
 country/territory:   0
             place:   0
        DTIC first:   0
         DTIC last:   0
      common first:   0
       common last:   0
         honorific:   0
            prefix:   0
            suffix:   0
         kill word:   0

            lexeme:   Jackson
    classification:   beginning
         beginning:   84%
        continuing:   16%
             other:   0%
           lexical:   capitalized
    part of speech:   other
   dictionary word:   1
        city/state:   0
 country/territory:   0
             place:   1
        DTIC first:   1
         DTIC last:   1
      common first:   1
       common last:   1
         honorific:   0
            prefix:   0
            suffix:   0
         kill word:   0

            lexeme:   ,
    classification:   other
         beginning:   0%
        continuing:   0%
             other:   100%
           lexical:   punct
    part of speech:   comma
   dictionary word:   0
        city/state:   0
 country/territory:   0
             place:   0
        DTIC first:   0
         DTIC last:   0
      common first:   0
       common last:   0
         honorific:   0
            prefix:   0
            suffix:   0
         kill word:   0

            lexeme:   III
    classification:   other
         beginning:   1%
        continuing:   8%
             other:   91%
           lexical:   allCaps
    part of speech:   other
   dictionary word:   1
        city/state:   0
 country/territory:   0
             place:   0
        DTIC first:   1
         DTIC last:   0
      common first:   0
       common last:   0
         honorific:   0
            prefix:   0
            suffix:   0
         kill word:   0


*******************************
      Evaluation Summary
*******************************

Correctly Classified Instances          21               87.5    %
Incorrectly Classified Instances         3               12.5    %
Kappa statistic                          0.7283
Mean absolute error                      0.1163
Root mean squared error                  0.2514
Relative absolute error                 33.8363 %
Root relative squared error             61.6617 %
Total Number of Instances               24     

]]></system-out>
  <system-err><![CDATA[]]></system-err>
</testsuite>
