<?xml version="1.0" encoding="UTF-8" ?>
<testsuite errors="0" failures="19" hostname="Scarzee" name="edu.odu.cs.cs350.namex.TestLearningMachine" skipped="0" tests="19" time="0.105" timestamp="2016-04-14T21:56:57">
  <properties>
[...]
</properties>
  <testcase classname="edu.odu.cs.cs350.namex.TestLearningMachine" name="testGetTrainingData" time="0.008">
    <failure message="Not yet implemented" type="junit.framework.AssertionFailedError">junit.framework.AssertionFailedError: Not yet implemented
	at edu.odu.cs.cs350.namex.TestLearningMachine.testGetTrainingData(TestLearningMachine.java:89)
</failure>
  </testcase>
  <testcase classname="edu.odu.cs.cs350.namex.TestLearningMachine" name="testImportARFFString" time="0.002">
    <failure message="Not yet implemented" type="junit.framework.AssertionFailedError">junit.framework.AssertionFailedError: Not yet implemented
	at edu.odu.cs.cs350.namex.TestLearningMachine.testImportARFFString(TestLearningMachine.java:74)
</failure>
  </testcase>
  <testcase classname="edu.odu.cs.cs350.namex.TestLearningMachine" name="testImportARFFStringArray" time="0.002">
    <failure message="Not yet implemented" type="junit.framework.AssertionFailedError">junit.framework.AssertionFailedError: Not yet implemented
	at edu.odu.cs.cs350.namex.TestLearningMachine.testImportARFFStringArray(TestLearningMachine.java:84)
</failure>
  </testcase>
  <testcase classname="edu.odu.cs.cs350.namex.TestLearningMachine" name="testTrainInstances" time="0.003">
    <failure message="Not yet implemented" type="junit.framework.AssertionFailedError">junit.framework.AssertionFailedError: Not yet implemented
	at edu.odu.cs.cs350.namex.TestLearningMachine.testTrainInstances(TestLearningMachine.java:24)
</failure>
  </testcase>
  <testcase classname="edu.odu.cs.cs350.namex.TestLearningMachine" name="testTrain" time="0.002">
    <failure message="Not yet implemented" type="junit.framework.AssertionFailedError">junit.framework.AssertionFailedError: Not yet implemented
	at edu.odu.cs.cs350.namex.TestLearningMachine.testTrain(TestLearningMachine.java:29)
</failure>
  </testcase>
  <testcase classname="edu.odu.cs.cs350.namex.TestLearningMachine" name="testPrintARFF" time="0.002">
    <failure message="Not yet implemented" type="junit.framework.AssertionFailedError">junit.framework.AssertionFailedError: Not yet implemented
	at edu.odu.cs.cs350.namex.TestLearningMachine.testPrintARFF(TestLearningMachine.java:64)
</failure>
  </testcase>
  <testcase classname="edu.odu.cs.cs350.namex.TestLearningMachine" name="testGetShingleDistribution" time="0.002">
    <failure message="Not yet implemented" type="junit.framework.AssertionFailedError">junit.framework.AssertionFailedError: Not yet implemented
	at edu.odu.cs.cs350.namex.TestLearningMachine.testGetShingleDistribution(TestLearningMachine.java:49)
</failure>
  </testcase>
  <testcase classname="edu.odu.cs.cs350.namex.TestLearningMachine" name="testClassifyOld" time="0.002">
    <failure message="Not yet implemented" type="junit.framework.AssertionFailedError">junit.framework.AssertionFailedError: Not yet implemented
	at edu.odu.cs.cs350.namex.TestLearningMachine.testClassifyOld(TestLearningMachine.java:54)
</failure>
  </testcase>
  <testcase classname="edu.odu.cs.cs350.namex.TestLearningMachine" name="testExportARFF" time="0.001">
    <failure message="Not yet implemented" type="junit.framework.AssertionFailedError">junit.framework.AssertionFailedError: Not yet implemented
	at edu.odu.cs.cs350.namex.TestLearningMachine.testExportARFF(TestLearningMachine.java:69)
</failure>
  </testcase>
  <testcase classname="edu.odu.cs.cs350.namex.TestLearningMachine" name="testClassifyShingle" time="0.002">
    <failure message="Not yet implemented" type="junit.framework.AssertionFailedError">junit.framework.AssertionFailedError: Not yet implemented
	at edu.odu.cs.cs350.namex.TestLearningMachine.testClassifyShingle(TestLearningMachine.java:44)
</failure>
  </testcase>
  <testcase classname="edu.odu.cs.cs350.namex.TestLearningMachine" name="testGetDistribution" time="0.002">
    <failure message="Not yet implemented" type="junit.framework.AssertionFailedError">junit.framework.AssertionFailedError: Not yet implemented
	at edu.odu.cs.cs350.namex.TestLearningMachine.testGetDistribution(TestLearningMachine.java:34)
</failure>
  </testcase>
  <testcase classname="edu.odu.cs.cs350.namex.TestLearningMachine" name="testGetTrainingInstances" time="0.001">
    <failure message="Not yet implemented" type="junit.framework.AssertionFailedError">junit.framework.AssertionFailedError: Not yet implemented
	at edu.odu.cs.cs350.namex.TestLearningMachine.testGetTrainingInstances(TestLearningMachine.java:109)
</failure>
  </testcase>
  <testcase classname="edu.odu.cs.cs350.namex.TestLearningMachine" name="testGetAttribute" time="0.001">
    <failure message="Not yet implemented" type="junit.framework.AssertionFailedError">junit.framework.AssertionFailedError: Not yet implemented
	at edu.odu.cs.cs350.namex.TestLearningMachine.testGetAttribute(TestLearningMachine.java:99)
</failure>
  </testcase>
  <testcase classname="edu.odu.cs.cs350.namex.TestLearningMachine" name="testImportARFFHashSetOfString" time="0.002">
    <failure message="Not yet implemented" type="junit.framework.AssertionFailedError">junit.framework.AssertionFailedError: Not yet implemented
	at edu.odu.cs.cs350.namex.TestLearningMachine.testImportARFFHashSetOfString(TestLearningMachine.java:79)
</failure>
  </testcase>
  <testcase classname="edu.odu.cs.cs350.namex.TestLearningMachine" name="testGetClassifier" time="0.001">
    <failure message="Not yet implemented" type="junit.framework.AssertionFailedError">junit.framework.AssertionFailedError: Not yet implemented
	at edu.odu.cs.cs350.namex.TestLearningMachine.testGetClassifier(TestLearningMachine.java:94)
</failure>
  </testcase>
  <testcase classname="edu.odu.cs.cs350.namex.TestLearningMachine" name="testClassify" time="0.002">
    <failure message="Not yet implemented" type="junit.framework.AssertionFailedError">junit.framework.AssertionFailedError: Not yet implemented
	at edu.odu.cs.cs350.namex.TestLearningMachine.testClassify(TestLearningMachine.java:39)
</failure>
  </testcase>
  <testcase classname="edu.odu.cs.cs350.namex.TestLearningMachine" name="testPrintEvaluationSummary" time="0.002">
    <failure message="Not yet implemented" type="junit.framework.AssertionFailedError">junit.framework.AssertionFailedError: Not yet implemented
	at edu.odu.cs.cs350.namex.TestLearningMachine.testPrintEvaluationSummary(TestLearningMachine.java:59)
</failure>
  </testcase>
  <testcase classname="edu.odu.cs.cs350.namex.TestLearningMachine" name="testGetNumberOfAttributes" time="0.001">
    <failure message="Not yet implemented" type="junit.framework.AssertionFailedError">junit.framework.AssertionFailedError: Not yet implemented
	at edu.odu.cs.cs350.namex.TestLearningMachine.testGetNumberOfAttributes(TestLearningMachine.java:104)
</failure>
  </testcase>
  <testcase classname="edu.odu.cs.cs350.namex.TestLearningMachine" name="testGetSerialVersionUID" time="0.0">
    <failure message="Not yet implemented" type="junit.framework.AssertionFailedError">junit.framework.AssertionFailedError: Not yet implemented
	at edu.odu.cs.cs350.namex.TestLearningMachine.testGetSerialVersionUID(TestLearningMachine.java:19)
</failure>
  </testcase>
  <system-out><![CDATA[]]></system-out>
  <system-err><![CDATA[]]></system-err>
</testsuite>
