<?xml version="1.0" encoding="UTF-8" ?>
<testsuite errors="0" failures="0" hostname="TristanPC" name="edu.odu.cs.cs350.namex.TestPersonalName" skipped="0" tests="8" time="0.067" timestamp="2016-04-05T17:08:17">
  <properties>
[...]
</properties>
  <testcase classname="edu.odu.cs.cs350.namex.TestPersonalName" name="testGetGivenName" time="0.003" />
  <testcase classname="edu.odu.cs.cs350.namex.TestPersonalName" name="testGetSurName" time="0.001" />
  <testcase classname="edu.odu.cs.cs350.namex.TestPersonalName" name="testGetMiddleNames" time="0.0" />
  <testcase classname="edu.odu.cs.cs350.namex.TestPersonalName" name="testPersonalNameString" time="0.0" />
  <testcase classname="edu.odu.cs.cs350.namex.TestPersonalName" name="testGetName" time="0.0" />
  <testcase classname="edu.odu.cs.cs350.namex.TestPersonalName" name="testGetHonorific" time="0.0" />
  <testcase classname="edu.odu.cs.cs350.namex.TestPersonalName" name="testPersonalName" time="0.0" />
  <testcase classname="edu.odu.cs.cs350.namex.TestPersonalName" name="testGetSuffix" time="0.0" />
  <system-out><![CDATA[
]]></system-out>
  <system-err><![CDATA[]]></system-err>
</testsuite>
