<?xml version="1.0" encoding="UTF-8" ?>
<testsuite errors="0" failures="1" hostname="ubuntu" name="edu.odu.cs.cs350.namex.TestLibrarian" skipped="0" tests="7" time="18.487" timestamp="2016-04-10T18:35:41">
  <properties>
[...]
</properties>
  <testcase classname="edu.odu.cs.cs350.namex.TestLibrarian" name="testSeparateNER" time="0.005" />
  <testcase classname="edu.odu.cs.cs350.namex.TestLibrarian" name="testPackage" time="0.001" />
  <testcase classname="edu.odu.cs.cs350.namex.TestLibrarian" name="testMain" time="12.712" />
  <testcase classname="edu.odu.cs.cs350.namex.TestLibrarian" name="testWeka" time="4.283" />
  <testcase classname="edu.odu.cs.cs350.namex.TestLibrarian" name="testMarkClassificationTag" time="0.433">
    <failure message="expected:&lt;This &lt;ADJ&gt;small&lt;/ADJ&gt; paper was &lt;VERB&gt;written&lt;/VERB&gt; by &lt;NOUN&gt;Pythagoras&lt;/NOUN&gt;.&gt; but was:&lt;null&gt;" type="junit.framework.AssertionFailedError">junit.framework.AssertionFailedError: expected:&lt;This &lt;ADJ&gt;small&lt;/ADJ&gt; paper was &lt;VERB&gt;written&lt;/VERB&gt; by &lt;NOUN&gt;Pythagoras&lt;/NOUN&gt;.&gt; but was:&lt;null&gt;
	at edu.odu.cs.cs350.namex.TestLibrarian.testMarkClassificationTag(TestLibrarian.java:349)
</failure>
  </testcase>
  <testcase classname="edu.odu.cs.cs350.namex.TestLibrarian" name="testClassifyTokens" time="0.434" />
  <testcase classname="edu.odu.cs.cs350.namex.TestLibrarian" name="testClassify" time="0.527" />
  <system-out><![CDATA[*******************************
 Generating ARFF Training Data
*******************************

 Input FilePath: /home/gsilveri/git/Green3/data/training/trainingData.txt
Output FilePath: /home/gsilveri/git/Green3/data/arff/trainingData.arff

Classifying Tokens from 19956 TextBlocks...

*******************************
      Evaluation Summary
*******************************

Correctly Classified Instances      255008               92.4843 %
Incorrectly Classified Instances     20723                7.5157 %
Kappa statistic                          0.4799
Mean absolute error                      0.0612
Root mean squared error                  0.1873
Relative absolute error                 78.4824 %
Root relative squared error             94.8368 %
Total Number of Instances           275731     

Created: /home/gsilveri/git/Green3/data/arff/trainingData.arff

*******************************
      Evaluation Summary
*******************************

Correctly Classified Instances      255008               92.4843 %
Incorrectly Classified Instances     20723                7.5157 %
Kappa statistic                          0.4799
Mean absolute error                      0.0612
Root mean squared error                  0.1873
Relative absolute error                 78.484  %
Root relative squared error             94.8376 %
Total Number of Instances           275731     

lexeme:           This
classification:   other
beginning:        1%
continuing:       4%
other:            96%

lexeme:           is
classification:   other
beginning:        0%
continuing:       0%
other:            100%

lexeme:           John
classification:   beginning
beginning:        83%
continuing:       17%
other:            0%

lexeme:           Smith
classification:   beginning
beginning:        61%
continuing:       39%
other:            0%

lexeme:           .
classification:   other
beginning:        0%
continuing:       0%
other:            100%

lexeme:           Say
classification:   continuing
beginning:        43%
continuing:       55%
other:            2%

lexeme:           hello
classification:   other
beginning:        0%
continuing:       0%
other:            100%

lexeme:           to
classification:   other
beginning:        8%
continuing:       17%
other:            76%

lexeme:           Mr
classification:   beginning
beginning:        48%
continuing:       35%
other:            17%

lexeme:           .
classification:   other
beginning:        0%
continuing:       0%
other:            100%

lexeme:           Sameul
classification:   other
beginning:        2%
continuing:       12%
other:            86%

lexeme:           L
classification:   continuing
beginning:        3%
continuing:       67%
other:            30%

lexeme:           .
classification:   other
beginning:        0%
continuing:       0%
other:            100%

lexeme:           Jackson
classification:   beginning
beginning:        83%
continuing:       17%
other:            0%

lexeme:           ,
classification:   other
beginning:        0%
continuing:       0%
other:            100%

lexeme:           III
classification:   other
beginning:        0%
continuing:       3%
other:            97%

Hello <PER>John Smith</PER> this is <PER>Mr. Samuel L. Jackson, III</PER>
"PER,allCaps,other,1,0,0,0,1,1,0,0,0,0,0,0,other,10,",
"John,capitalized,other,1,0,0,1,1,1,1,1,0,0,0,0,beginning,5,",
"<,punct,other,0,0,0,0,0,0,0,0,0,0,0,0,other,17,",
"PER,allCaps,other,1,0,0,0,1,1,0,0,0,0,0,0,other,18,",
"PER,allCaps,other,1,0,0,0,1,1,0,0,0,0,0,0,other,3,",
"<,punct,other,0,0,0,0,0,0,0,0,0,0,0,0,other,32,",
"/,punct,other,0,0,0,0,0,0,0,0,0,0,0,0,other,9,",
"Samuel,capitalized,other,1,0,0,1,1,1,1,1,0,0,0,0,continuing,23,",
".,punct,period,0,0,0,0,0,0,0,0,0,0,0,0,other,26,",
"Jackson,capitalized,other,1,0,0,1,1,1,1,1,0,0,0,0,continuing,28,",
"Hello,capitalized,other,1,0,0,0,0,0,0,0,0,0,0,0,other,0,",
".,punct,period,0,0,0,0,0,0,0,0,0,0,0,0,other,21,",
">,punct,other,0,0,0,0,0,0,0,0,0,0,0,0,other,11,",
"PER,allCaps,other,1,0,0,0,1,1,0,0,0,0,0,0,other,34,",
"this,other,other,1,0,0,0,0,0,0,0,0,0,0,0,other,13,",
",,punct,comma,0,0,0,0,0,0,0,0,0,0,0,0,other,29,",
">,punct,other,0,0,0,0,0,0,0,0,0,0,0,0,other,19,",
"L,capLetter,other,1,0,0,0,1,0,0,0,0,0,0,0,continuing,25,",
"/,punct,other,0,0,0,0,0,0,0,0,0,0,0,0,other,33,",
">,punct,other,0,0,0,0,0,0,0,0,0,0,0,0,other,4,",
"<,punct,other,0,0,0,0,0,0,0,0,0,0,0,0,other,8,",
"is,other,other,1,0,0,0,1,0,0,0,0,0,0,0,other,15,",
"<,punct,other,0,0,0,0,0,0,0,0,0,0,0,0,other,2,",
"III,allCaps,other,1,0,0,0,1,0,0,0,0,0,0,0,continuing,31,",
">,punct,other,0,0,0,0,0,0,0,0,0,0,0,0,other,35,",
"Mr,capitalized,other,1,0,0,0,1,0,0,0,1,0,0,0,beginning,20,",
"Smith,capitalized,other,1,0,0,1,1,1,0,1,0,0,0,0,continuing,7,",

*******************************
      Evaluation Summary
*******************************

Correctly Classified Instances          21               87.5    %
Incorrectly Classified Instances         3               12.5    %
Kappa statistic                          0.7283
Mean absolute error                      0.1163
Root mean squared error                  0.2514
Relative absolute error                 33.8363 %
Root relative squared error             61.6617 %
Total Number of Instances               24     

]]></system-out>
  <system-err><![CDATA[]]></system-err>
</testsuite>
