<?xml version="1.0" encoding="UTF-8" ?>
<testsuite errors="2" failures="3" hostname="TristanPC" name="edu.odu.cs.cs350.namex.TestTrainer" skipped="0" tests="7" time="8.312" timestamp="2016-04-09T20:46:32">
  <properties>
[...]
</properties>
  <testcase classname="edu.odu.cs.cs350.namex.TestTrainer" name="testGetTrainingData" time="0.034">
    <error type="java.lang.NullPointerException">java.lang.NullPointerException
	at edu.odu.cs.cs350.namex.Trainer.getTrainingData(Trainer.java:393)
	at edu.odu.cs.cs350.namex.TestTrainer.testGetTrainingData(TestTrainer.java:154)
</error>
  </testcase>
  <testcase classname="edu.odu.cs.cs350.namex.TestTrainer" name="testGenerateARFF" time="8.173" />
  <testcase classname="edu.odu.cs.cs350.namex.TestTrainer" name="testTrainLM" time="0.02" />
  <testcase classname="edu.odu.cs.cs350.namex.TestTrainer" name="testTrainer" time="0.001">
    <error type="java.lang.NullPointerException">java.lang.NullPointerException
	at edu.odu.cs.cs350.namex.Trainer.getTrainingData(Trainer.java:393)
	at edu.odu.cs.cs350.namex.TestTrainer.testTrainer(TestTrainer.java:145)
</error>
  </testcase>
  <testcase classname="edu.odu.cs.cs350.namex.TestTrainer" name="testParse" time="0.003">
    <failure message="expected:&lt;[other]&gt; but was:&lt;[article]&gt;" type="junit.framework.AssertionFailedError">junit.framework.AssertionFailedError: expected:&lt;[other]&gt; but was:&lt;[article]&gt;
	at edu.odu.cs.cs350.namex.TestTrainer.testParse(TestTrainer.java:121)
</failure>
  </testcase>
  <testcase classname="edu.odu.cs.cs350.namex.TestTrainer" name="testTokenize" time="0.001">
    <failure message="expected:&lt;[capitalized]&gt; but was:&lt;[other]&gt;" type="junit.framework.AssertionFailedError">junit.framework.AssertionFailedError: expected:&lt;[capitalized]&gt; but was:&lt;[other]&gt;
	at edu.odu.cs.cs350.namex.TestTrainer.testTokenize(TestTrainer.java:106)
</failure>
  </testcase>
  <testcase classname="edu.odu.cs.cs350.namex.TestTrainer" name="testGetTokenCount" time="0.002">
    <failure message="expected:&lt;3&gt; but was:&lt;1&gt;" type="junit.framework.AssertionFailedError">junit.framework.AssertionFailedError: expected:&lt;3&gt; but was:&lt;1&gt;
	at edu.odu.cs.cs350.namex.TestTrainer.testGetTokenCount(TestTrainer.java:135)
</failure>
  </testcase>
  <system-out><![CDATA[*******************************
 Generating ARFF Training Data
*******************************

 Input FilePath: C:\Users\Tristan\git\Green3/data/training/trainingData.txt
Output FilePath: C:\Users\Tristan\git\Green3/data/arff/trainingData.arff

Classifying Tokens from 19956 TextBlocks...

*******************************
      Evaluation Summary
*******************************

Correctly Classified Instances      246515               92.2455 %
Incorrectly Classified Instances     20723                7.7545 %
Kappa statistic                          0.4789
Mean absolute error                      0.0639
Root mean squared error                  0.1906
Relative absolute error                 79.4907 %
Root relative squared error             95.0972 %
Total Number of Instances           267238     

Created: C:\Users\Tristan\git\Green3/data/arff/trainingData.arff
]]></system-out>
  <system-err><![CDATA[]]></system-err>
</testsuite>
