<?xml version="1.0" encoding="UTF-8" ?>
<testsuite errors="1" failures="0" hostname="ubuntu" name="edu.odu.cs.cs350.namex.TestLearningMachine" skipped="0" tests="1" time="0.105" timestamp="2016-04-11T06:28:16">
  <properties>
[...]
</properties>
  <testcase classname="edu.odu.cs.cs350.namex.TestLearningMachine" name="initializationError" time="0.006">
    <error message="No runnable methods" type="java.lang.Exception">java.lang.Exception: No runnable methods
	at java.lang.reflect.Constructor.newInstance(Constructor.java:526)
</error>
  </testcase>
  <system-out><![CDATA[]]></system-out>
  <system-err><![CDATA[]]></system-err>
</testsuite>
